<?xml version="1.0" encoding="UTF-8"?>
<testsuite name="ci.TestCloneBuild" tests="2" skipped="0" failures="0" errors="0" timestamp="2019-02-08T10:55:54" hostname="morganwessel" time="8.895">
  <properties/>
  <testcase name="testCloneBranch" classname="ci.TestCloneBuild" time="5.006"/>
  <testcase name="testBuildBranch" classname="ci.TestCloneBuild" time="3.889"/>
  <system-out><![CDATA[]]></system-out>
  <system-err><![CDATA[]]></system-err>
</testsuite>
